<?xml version="1.0" encoding="UTF-8"?>
<testng-results ignored="0" total="3" passed="3" failed="0" skipped="0">
  <reporter-output>
  </reporter-output>
  <suite started-at="2024-04-30T13:19:05 IST" name="Default suite" finished-at="2024-04-30T13:20:01 IST" duration-ms="56283">
    <groups>
      <group name="cucumber">
        <method signature="AbstractTestNGCucumberTests.runScenario(io.cucumber.testng.PickleWrapper,io.cucumber.testng.FeatureWrapper)[pri:0, instance:runner.RunnerClass@74ea2410]" name="runScenario" class="io.cucumber.testng.AbstractTestNGCucumberTests"/>
      </group> <!-- cucumber -->
    </groups>
    <test started-at="2024-04-30T13:19:05 IST" name="Default test" finished-at="2024-04-30T13:20:01 IST" duration-ms="56283">
      <class name="runner.RunnerClass">
        <test-method is-config="true" signature="setUpClass(org.testng.ITestContext)[pri:0, instance:runner.RunnerClass@74ea2410]" started-at="2024-04-30T13:19:05 IST" name="setUpClass" finished-at="2024-04-30T13:19:06 IST" duration-ms="496" status="PASS">
          <params>
            <param index="0">
              <value>
                <![CDATA[org.testng.TestRunner@1a47a1e8]]>
              </value>
            </param>
          </params>
          <reporter-output>
          </reporter-output>
        </test-method> <!-- setUpClass -->
        <test-method signature="runScenario(io.cucumber.testng.PickleWrapper,io.cucumber.testng.FeatureWrapper)[pri:0, instance:runner.RunnerClass@74ea2410]" started-at="2024-04-30T13:19:06 IST" name="runScenario" description="Runs Cucumber Scenarios" data-provider="scenarios" finished-at="2024-04-30T13:19:26 IST" duration-ms="20272" status="PASS">
          <params>
            <param index="0">
              <value>
                <![CDATA["Create customer"]]>
              </value>
            </param>
            <param index="1">
              <value>
                <![CDATA["Customer Module"]]>
              </value>
            </param>
          </params>
          <reporter-output>
          </reporter-output>
        </test-method> <!-- runScenario -->
        <test-method signature="runScenario(io.cucumber.testng.PickleWrapper,io.cucumber.testng.FeatureWrapper)[pri:0, instance:runner.RunnerClass@74ea2410]" started-at="2024-04-30T13:19:26 IST" name="runScenario" description="Runs Cucumber Scenarios" data-provider="scenarios" finished-at="2024-04-30T13:19:45 IST" duration-ms="18762" status="PASS">
          <params>
            <param index="0">
              <value>
                <![CDATA["Create customer"]]>
              </value>
            </param>
            <param index="1">
              <value>
                <![CDATA["Customer Module"]]>
              </value>
            </param>
          </params>
          <reporter-output>
          </reporter-output>
        </test-method> <!-- runScenario -->
        <test-method signature="runScenario(io.cucumber.testng.PickleWrapper,io.cucumber.testng.FeatureWrapper)[pri:0, instance:runner.RunnerClass@74ea2410]" started-at="2024-04-30T13:19:45 IST" name="runScenario" description="Runs Cucumber Scenarios" data-provider="scenarios" finished-at="2024-04-30T13:20:01 IST" duration-ms="16640" status="PASS">
          <params>
            <param index="0">
              <value>
                <![CDATA["Create customer"]]>
              </value>
            </param>
            <param index="1">
              <value>
                <![CDATA["Customer Module"]]>
              </value>
            </param>
          </params>
          <reporter-output>
          </reporter-output>
        </test-method> <!-- runScenario -->
        <test-method is-config="true" signature="tearDownClass()[pri:0, instance:runner.RunnerClass@74ea2410]" started-at="2024-04-30T13:20:01 IST" name="tearDownClass" finished-at="2024-04-30T13:20:01 IST" duration-ms="49" status="PASS">
          <reporter-output>
          </reporter-output>
        </test-method> <!-- tearDownClass -->
      </class> <!-- runner.RunnerClass -->
    </test> <!-- Default test -->
  </suite> <!-- Default suite -->
</testng-results>
